# JRE version: Java(TM) SE Runtime Environment (9.0+11) (build 9.0.4+11)
# Java VM: Java HotSpot(TM) 64-Bit Server VM (9.0.4+11, mixed mode, tiered, compressed oops, g1 gc, windows-amd64)
Heap:
 garbage-first heap   total 273408K, used 93567K [0x0000000081a00000, 0x0000000081b00858, 0x0000000100000000)
  region size 1024K, 6 young (6144K), 6 survivors (6144K)
 Metaspace       used 36805K, capacity 38220K, committed 38400K, reserved 1083392K
  class space    used 3894K, capacity 4225K, committed 4352K, reserved 1048576K
GC Heap History (10 events):
Event: 10.819 GC heap after
{Heap after GC invocations=16 (full 0):
 garbage-first heap   total 189440K, used 112112K [0x0000000081a00000, 0x0000000081b005c8, 0x0000000100000000)
  region size 1024K, 6 young (6144K), 6 survivors (6144K)
 Metaspace       used 34099K, capacity 35326K, committed 35456K, reserved 1081344K
  class space    used 3582K, capacity 3846K, committed 3968K, reserved 1048576K
}
Event: 10.829 GC heap before
{Heap before GC invocations=16 (full 0):
 garbage-first heap   total 189440K, used 115184K [0x0000000081a00000, 0x0000000081b005c8, 0x0000000100000000)
  region size 1024K, 9 young (9216K), 6 survivors (6144K)
 Metaspace       used 34099K, capacity 35326K, committed 35456K, reserved 1081344K
  class space    used 3582K, capacity 3846K, committed 3968K, reserved 1048576K
}
Event: 10.847 GC heap after
{Heap after GC invocations=17 (full 0):
 garbage-first heap   total 227328K, used 103656K [0x0000000081a00000, 0x0000000081b006f0, 0x0000000100000000)
  region size 1024K, 2 young (2048K), 2 survivors (2048K)
 Metaspace       used 34099K, capacity 35326K, committed 35456K, reserved 1081344K
  class space    used 3582K, capacity 3846K, committed 3968K, reserved 1048576K
}
Event: 11.079 GC heap before
{Heap before GC invocations=17 (full 0):
 garbage-first heap   total 227328K, used 155880K [0x0000000081a00000, 0x0000000081b006f0, 0x0000000100000000)
  region size 1024K, 53 young (54272K), 2 survivors (2048K)
 Metaspace       used 34146K, capacity 35394K, committed 35712K, reserved 1081344K
  class space    used 3582K, capacity 3846K, committed 3968K, reserved 1048576K
}
Event: 11.089 GC heap after
{Heap after GC invocations=18 (full 0):
 garbage-first heap   total 227328K, used 116908K [0x0000000081a00000, 0x0000000081b006f0, 0x0000000100000000)
  region size 1024K, 7 young (7168K), 7 survivors (7168K)
 Metaspace       used 34146K, capacity 35394K, committed 35712K, reserved 1081344K
  class space    used 3582K, capacity 3846K, committed 3968K, reserved 1048576K
}
Event: 11.880 GC heap before
{Heap before GC invocations=19 (full 0):
 garbage-first heap   total 227328K, used 149676K [0x0000000081a00000, 0x0000000081b006f0, 0x0000000100000000)
  region size 1024K, 53 young (54272K), 7 survivors (7168K)
 Metaspace       used 35144K, capacity 36486K, committed 36736K, reserved 1081344K
  class space    used 3664K, capacity 3948K, committed 3968K, reserved 1048576K
}
Event: 11.898 GC heap after
{Heap after GC invocations=20 (full 0):
 garbage-first heap   total 227328K, used 106625K [0x0000000081a00000, 0x0000000081b006f0, 0x0000000100000000)
  region size 1024K, 4 young (4096K), 4 survivors (4096K)
 Metaspace       used 35144K, capacity 36486K, committed 36736K, reserved 1081344K
  class space    used 3664K, capacity 3948K, committed 3968K, reserved 1048576K
}
Event: 12.066 GC heap before
{Heap before GC invocations=20 (full 0):
 garbage-first heap   total 227328K, used 113793K [0x0000000081a00000, 0x0000000081b006f0, 0x0000000100000000)
  region size 1024K, 11 young (11264K), 4 survivors (4096K)
 Metaspace       used 35146K, capacity 36486K, committed 36736K, reserved 1081344K
  class space    used 3664K, capacity 3948K, committed 3968K, reserved 1048576K
}
Event: 12.084 GC heap after
{Heap after GC invocations=21 (full 0):
 garbage-first heap   total 227328K, used 89065K [0x0000000081a00000, 0x0000000081b006f0, 0x0000000100000000)
  region size 1024K, 1 young (1024K), 1 survivors (1024K)
 Metaspace       used 35146K, capacity 36486K, committed 36736K, reserved 1081344K
  class space    used 3664K, capacity 3948K, committed 3968K, reserved 1048576K
}
Event: 13.018 GC heap before
{Heap before GC invocations=21 (full 0):
 garbage-first heap   total 227328K, used 148457K [0x0000000081a00000, 0x0000000081b006f0, 0x0000000100000000)
  region size 1024K, 59 young (60416K), 1 survivors (1024K)
 Metaspace       used 36805K, capacity 38220K, committed 38400K, reserved 1083392K
  class space    used 3894K, capacity 4225K, committed 4352K, reserved 1048576K
}

